Using pre-set license
Built from '2022.1/staging' branch; Version is '2022.1.24f1 (709dddfb713f) revision 7380445'; Using compiler version '192829333'; Build Type 'Release'
OS: 'Windows 10  (10.0.19044) 64bit CoreSingleLanguage' Language: 'en' Physical Memory: 8100 MB
BatchMode: 1, IsHumanControllingUs: 0, StartBugReporterOnCrash: 0, Is64bit: 1, IsPro: 1

COMMAND LINE ARGUMENTS:
C:\Program Files\Unity\Hub\Editor\2022.1.24f1\Editor\Unity.exe
-adb2
-batchMode
-noUpm
-name
AssetImportWorker6
-projectPath
C:/Users/Muham/Defeat Your Fear
-logFile
Logs/AssetImportWorker6.log
-srvPort
51041
Successfully changed project path to: C:/Users/Muham/Defeat Your Fear
C:/Users/Muham/Defeat Your Fear
[UnityMemory] Configuration Parameters - Can be set up in boot.config
    "memorysetup-bucket-allocator-granularity=16"
    "memorysetup-bucket-allocator-bucket-count=8"
    "memorysetup-bucket-allocator-block-size=33554432"
    "memorysetup-bucket-allocator-block-count=8"
    "memorysetup-main-allocator-block-size=16777216"
    "memorysetup-thread-allocator-block-size=16777216"
    "memorysetup-gfx-main-allocator-block-size=16777216"
    "memorysetup-gfx-thread-allocator-block-size=16777216"
    "memorysetup-cache-allocator-block-size=4194304"
    "memorysetup-typetree-allocator-block-size=2097152"
    "memorysetup-profiler-bucket-allocator-granularity=16"
    "memorysetup-profiler-bucket-allocator-bucket-count=8"
    "memorysetup-profiler-bucket-allocator-block-size=33554432"
    "memorysetup-profiler-bucket-allocator-block-count=8"
    "memorysetup-profiler-allocator-block-size=16777216"
    "memorysetup-profiler-editor-allocator-block-size=1048576"
    "memorysetup-temp-allocator-size-main=16777216"
    "memorysetup-job-temp-allocator-block-size=2097152"
    "memorysetup-job-temp-allocator-block-size-background=1048576"
    "memorysetup-job-temp-allocator-reduction-small-platforms=262144"
    "memorysetup-temp-allocator-size-background-worker=32768"
    "memorysetup-temp-allocator-size-job-worker=262144"
    "memorysetup-temp-allocator-size-preload-manager=33554432"
    "memorysetup-temp-allocator-size-nav-mesh-worker=65536"
    "memorysetup-temp-allocator-size-audio-worker=65536"
    "memorysetup-temp-allocator-size-cloud-worker=32768"
    "memorysetup-temp-allocator-size-gi-baking-worker=262144"
    "memorysetup-temp-allocator-size-gfx=262144"
Refreshing native plugins compatible for Editor in 272.62 ms, found 9 plugins.
Preloading 0 native plugins for Editor in 0.00 ms.
Initialize engine version: 2022.1.24f1 (709dddfb713f)
[Subsystems] Discovering subsystems at path C:/Program Files/Unity/Hub/Editor/2022.1.24f1/Editor/Data/Resources/UnitySubsystems
[Subsystems] Discovering subsystems at path C:/Users/Muham/Defeat Your Fear/Assets
GfxDevice: creating device client; threaded=0; jobified=0
Direct3D:
    Version:  Direct3D 11.0 [level 11.0]
    Renderer: NVIDIA GeForce 940M (ID=0x1347)
    Vendor:   NVIDIA
    VRAM:     2008 MB
    Driver:   31.0.15.2756
Invalid texture used for cursor - check importer settings or texture creation. Texture must be RGBA32, readable, have alphaIsTransparency enabled and have no mip chain.
Initialize mono
Mono path[0] = 'C:/Program Files/Unity/Hub/Editor/2022.1.24f1/Editor/Data/Managed'
Mono path[1] = 'C:/Program Files/Unity/Hub/Editor/2022.1.24f1/Editor/Data/MonoBleedingEdge/lib/mono/unityjit-win32'
Mono config path = 'C:/Program Files/Unity/Hub/Editor/2022.1.24f1/Editor/Data/MonoBleedingEdge/etc'
Using monoOptions --debugger-agent=transport=dt_socket,embedding=1,server=y,suspend=n,address=127.0.0.1:56384
Begin MonoManager ReloadAssembly
Registering precompiled unity dll's ...
Register platform support module: C:/Program Files/Unity/Hub/Editor/2022.1.24f1/Editor/Data/PlaybackEngines/AndroidPlayer/UnityEditor.Android.Extensions.dll
Register platform support module: C:/Program Files/Unity/Hub/Editor/2022.1.24f1/Editor/Data/PlaybackEngines/WindowsStandaloneSupport/UnityEditor.WindowsStandalone.Extensions.dll
Registered in 0.030320 seconds.
Native extension for WindowsStandalone target not found
Native extension for Android target not found
Refreshing native plugins compatible for Editor in 196.31 ms, found 9 plugins.
Preloading 0 native plugins for Editor in 0.00 ms.
Mono: successfully reloaded assembly
- Completed reload, in  1.459 seconds
Domain Reload Profiling:
	ReloadAssembly (1460ms)
		BeginReloadAssembly (186ms)
			ExecutionOrderSort (0ms)
			DisableScriptedObjects (0ms)
			BackupInstance (0ms)
			ReleaseScriptingObjects (0ms)
			CreateAndSetChildDomain (2ms)
		EndReloadAssembly (999ms)
			LoadAssemblies (179ms)
			RebuildTransferFunctionScriptingTraits (0ms)
			SetupTypeCache (224ms)
				TypeCache.Initialize (223ms)
					TypeCache.ScanAssembly (221ms)
				ResolveRequiredComponents (1ms)
			ReleaseScriptCaches (0ms)
			RebuildScriptCaches (43ms)
			SetupLoadedEditorAssemblies (620ms)
				LogAssemblyErrors (0ms)
				InitializePlatformSupportModulesInManaged (104ms)
				SetLoadedEditorAssemblies (13ms)
				RefreshPlugins (196ms)
				BeforeProcessingInitializeOnLoad (2ms)
				ProcessInitializeOnLoadAttributes (224ms)
				ProcessInitializeOnLoadMethodAttributes (81ms)
				AfterProcessingInitializeOnLoad (0ms)
				EditorAssembliesLoaded (0ms)
			ExecutionOrderSort2 (0ms)
			AwakeInstancesAfterBackupRestoration (0ms)
Platform modules already initialized, skipping
Registering precompiled user dll's ...
Registered in 0.031727 seconds.
Android Extension - Scanning For ADB Devices 5168 ms
Begin MonoManager ReloadAssembly
Symbol file LoadedFromMemory doesn't match image C:\Users\Muham\Defeat Your Fear\Library\PackageCache\com.unity.visualscripting@1.7.8\Editor\VisualScripting.Core\Dependencies\DotNetZip\Unity.VisualScripting.IonicZip.dll
Symbol file LoadedFromMemory doesn't match image C:\Users\Muham\Defeat Your Fear\Library\PackageCache\com.unity.visualscripting@1.7.8\Editor\VisualScripting.Core\Dependencies\YamlDotNet\Unity.VisualScripting.YamlDotNet.dll
Native extension for WindowsStandalone target not found
Native extension for Android target not found
Refreshing native plugins compatible for Editor in 144.29 ms, found 9 plugins.
Preloading 0 native plugins for Editor in 0.00 ms.
Setting up ManoMotion Library Requirements
UnityEngine.StackTraceUtility:ExtractStackTrace ()
UnityEngine.DebugLogHandler:LogFormat (UnityEngine.LogType,UnityEngine.Object,string,object[])
UnityEngine.Logger:Log (UnityEngine.LogType,object)
UnityEngine.Debug:Log (object)
ManoMotionSetup:.cctor () (at Assets/Editor/ManoMotionSetup.cs:17)
System.Runtime.CompilerServices.RuntimeHelpers:RunClassConstructor (System.RuntimeTypeHandle)
UnityEditor.EditorAssemblies:ProcessInitializeOnLoadAttributes (System.Type[])

(Filename: Assets/Editor/ManoMotionSetup.cs Line: 17)

Successfully set up ManoMotion Library Requirements
UnityEngine.StackTraceUtility:ExtractStackTrace ()
UnityEngine.DebugLogHandler:LogFormat (UnityEngine.LogType,UnityEngine.Object,string,object[])
UnityEngine.Logger:Log (UnityEngine.LogType,object)
UnityEngine.Debug:Log (object)
ManoMotionSetup:.cctor () (at Assets/Editor/ManoMotionSetup.cs:23)
System.Runtime.CompilerServices.RuntimeHelpers:RunClassConstructor (System.RuntimeTypeHandle)
UnityEditor.EditorAssemblies:ProcessInitializeOnLoadAttributes (System.Type[])

(Filename: Assets/Editor/ManoMotionSetup.cs Line: 23)

Package Manager log level set to [2]
[Package Manager] Server::EnsureServerProcessIsRunning -- launch failed, reason: Unity was launched with the -noUpm command-line argument
[Package Manager] UpmClient::Send -- Unable to send message (not connected to UPM process).
[Package Manager] Cannot connect to Unity Package Manager local server
Mono: successfully reloaded assembly
[Package Manager] Server::EnsureServerProcessIsRunning -- launch failed, reason: Unity was launched with the -noUpm command-line argument
[Package Manager] UpmClient::Send -- Unable to send message (not connected to UPM process).
[Package Manager] Cannot connect to Unity Package Manager local server
[Package Manager] Server::EnsureServerProcessIsRunning -- launch failed, reason: Unity was launched with the -noUpm command-line argument
[Package Manager] UpmClient::Send -- Unable to send message (not connected to UPM process).
[Package Manager] Cannot connect to Unity Package Manager local server
- Completed reload, in  5.749 seconds
Domain Reload Profiling:
	ReloadAssembly (5750ms)
		BeginReloadAssembly (198ms)
			ExecutionOrderSort (0ms)
			DisableScriptedObjects (8ms)
			BackupInstance (0ms)
			ReleaseScriptingObjects (0ms)
			CreateAndSetChildDomain (31ms)
		EndReloadAssembly (5086ms)
			LoadAssemblies (2894ms)
			RebuildTransferFunctionScriptingTraits (0ms)
			SetupTypeCache (601ms)
				TypeCache.Initialize (590ms)
					TypeCache.ScanAssembly (582ms)
				ResolveRequiredComponents (11ms)
			ReleaseScriptCaches (1ms)
			RebuildScriptCaches (108ms)
			SetupLoadedEditorAssemblies (1385ms)
				LogAssemblyErrors (0ms)
				InitializePlatformSupportModulesInManaged (24ms)
				SetLoadedEditorAssemblies (9ms)
				RefreshPlugins (144ms)
				BeforeProcessingInitializeOnLoad (212ms)
				ProcessInitializeOnLoadAttributes (853ms)
				ProcessInitializeOnLoadMethodAttributes (121ms)
				AfterProcessingInitializeOnLoad (22ms)
				EditorAssembliesLoaded (0ms)
			ExecutionOrderSort2 (0ms)
			AwakeInstancesAfterBackupRestoration (9ms)
Platform modules already initialized, skipping
========================================================================
Worker process is ready to serve import requests
Launched and connected shader compiler UnityShaderCompiler.exe after 0.22 seconds
Refreshing native plugins compatible for Editor in 1.17 ms, found 9 plugins.
Preloading 0 native plugins for Editor in 0.00 ms.
Unloading 4626 Unused Serialized files (Serialized files now loaded: 0)
Unloading 52 unused Assets / (79.8 KB). Loaded Objects now: 5076.
Memory consumption went from 0.69 GB to 0.69 GB.
Total: 5.379600 ms (FindLiveObjects: 0.621200 ms CreateObjectMapping: 0.309000 ms MarkObjects: 4.284200 ms  DeleteObjects: 0.164200 ms)

AssetImportParameters requested are different than current active one (requested -> active):
  custom:video-decoder-ogg-theora: a1e56fd34408186e4bbccfd4996cb3dc -> 
  custom:container-muxer-webm: aa71ff27fc2769a1b78a27578f13a17b -> 
  custom:container-demuxer-webm: 4f35f7cbe854078d1ac9338744f61a02 -> 
  custom:video-encoder-webm-vp8: eb34c28f22e8b96e1ab97ce403110664 -> 
  custom:video-codec-MediaFoundation-h265: e54d7ab0439102e2317fc1e4b246158d -> 
  custom:audio-encoder-webm-vorbis: bf7c407c2cedff20999df2af8eb42d56 -> 
  custom:framework-win-MediaFoundation: 216162199b28c13a410421893ffa2e32 -> 
  custom:container-demuxer-ogg: 62fdf1f143b41e24485cea50d1cbac27 -> 
  custom:video-decoder-webm-vp8: 9c59270c3fd7afecdb556c50c9e8de78 -> 
  custom:audio-decoder-ogg-vorbis: bf7c407c2cedff20999df2af8eb42d56 -> 
========================================================================
Received Import Request.
  Time since last request: 247437.920226 seconds.
  path: Assets/Scenes/spider.unity
  artifactKey: Guid(66da4a2e236e9544f845494e432f6872) Importer(815301076,1909f56bfc062723c751e8b465ee728b)
Start importing Assets/Scenes/spider.unity using Guid(66da4a2e236e9544f845494e432f6872) Importer(815301076,1909f56bfc062723c751e8b465ee728b)  -> (artifact id: 'baef3538f620f4e8305a1980de583aba') in 0.041541 seconds 
========================================================================
Received Import Request.
  Time since last request: 6.936056 seconds.
  path: Assets/Scenes/spider 1.unity
  artifactKey: Guid(da7e9340730d9b446b7151995bc4c008) Importer(815301076,1909f56bfc062723c751e8b465ee728b)
Start importing Assets/Scenes/spider 1.unity using Guid(da7e9340730d9b446b7151995bc4c008) Importer(815301076,1909f56bfc062723c751e8b465ee728b)  -> (artifact id: '7d0dab03d4645ec197934b82c7ddb0cc') in 0.010201 seconds 
========================================================================
Received Import Request.
  Time since last request: 50.085421 seconds.
  path: Assets/Scenes/spider 2.unity
  artifactKey: Guid(f6b9a1ce8ff25064593da91fbe0f516b) Importer(815301076,1909f56bfc062723c751e8b465ee728b)
Start importing Assets/Scenes/spider 2.unity using Guid(f6b9a1ce8ff25064593da91fbe0f516b) Importer(815301076,1909f56bfc062723c751e8b465ee728b)  -> (artifact id: 'd5002f364d9c5857bd0f3077ff1b744c') in 0.041180 seconds 
========================================================================
Received Import Request.
  Time since last request: 47.938964 seconds.
  path: Assets/MyObject2.prefab
  artifactKey: Guid(88de6f01cfc556d45bd939b95cc26868) Importer(815301076,1909f56bfc062723c751e8b465ee728b)
Start importing Assets/MyObject2.prefab using Guid(88de6f01cfc556d45bd939b95cc26868) Importer(815301076,1909f56bfc062723c751e8b465ee728b)  -> (artifact id: 'cb469145763c61b28a1f1c114c390cc0') in 0.495918 seconds 
========================================================================
Received Import Request.
  Time since last request: 31.731571 seconds.
  path: Assets/tarantula.controller
  artifactKey: Guid(07118c132755832428e91e46ea4faa84) Importer(815301076,1909f56bfc062723c751e8b465ee728b)
Start importing Assets/tarantula.controller using Guid(07118c132755832428e91e46ea4faa84) Importer(815301076,1909f56bfc062723c751e8b465ee728b)  -> (artifact id: 'd111e2cf56a2391b7f4be5f02ea6d27c') in 0.013137 seconds 
========================================================================
Received Import Request.
  Time since last request: 26.514114 seconds.
  path: Assets/Scenes/dog.unity
  artifactKey: Guid(f4b256050aa25cf4e97d0d9b3ec1e6c1) Importer(815301076,1909f56bfc062723c751e8b465ee728b)
Start importing Assets/Scenes/dog.unity using Guid(f4b256050aa25cf4e97d0d9b3ec1e6c1) Importer(815301076,1909f56bfc062723c751e8b465ee728b)  -> (artifact id: '7752f45d485cf378d13b853fff9058ff') in 0.043440 seconds 
========================================================================
Received Import Request.
  Time since last request: 3.930332 seconds.
  path: Assets/Scenes/dog 1.unity
  artifactKey: Guid(84230d6de94de8144ba270b6a11df465) Importer(815301076,1909f56bfc062723c751e8b465ee728b)
Start importing Assets/Scenes/dog 1.unity using Guid(84230d6de94de8144ba270b6a11df465) Importer(815301076,1909f56bfc062723c751e8b465ee728b)  -> (artifact id: '6980df86ea2fef5ef65a8ad553963d3d') in 0.058288 seconds 
========================================================================
Received Import Request.
  Time since last request: 1.951181 seconds.
  path: Assets/Scenes/human.unity
  artifactKey: Guid(9a6159fc8783cb84ca662c39f05563ba) Importer(815301076,1909f56bfc062723c751e8b465ee728b)
Start importing Assets/Scenes/human.unity using Guid(9a6159fc8783cb84ca662c39f05563ba) Importer(815301076,1909f56bfc062723c751e8b465ee728b)  -> (artifact id: '392b44fdc61045e78f4aee6f56078da3') in 0.008881 seconds 
========================================================================
Received Import Request.
  Time since last request: 168.239626 seconds.
  path: Assets/MyObject2.prefab
  artifactKey: Guid(88de6f01cfc556d45bd939b95cc26868) Importer(815301076,1909f56bfc062723c751e8b465ee728b)
Start importing Assets/MyObject2.prefab using Guid(88de6f01cfc556d45bd939b95cc26868) Importer(815301076,1909f56bfc062723c751e8b465ee728b)  -> (artifact id: '9d40cf24ee81bb96efa46e39ca9d6465') in 0.046774 seconds 
========================================================================
Received Import Request.
  Time since last request: 1.958000 seconds.
  path: Assets/MyObject2.prefab
  artifactKey: Guid(88de6f01cfc556d45bd939b95cc26868) Importer(815301076,1909f56bfc062723c751e8b465ee728b)
Start importing Assets/MyObject2.prefab using Guid(88de6f01cfc556d45bd939b95cc26868) Importer(815301076,1909f56bfc062723c751e8b465ee728b)  -> (artifact id: '634f8ce882b12e45fb8fe139786487b2') in 0.075454 seconds 
========================================================================
Received Import Request.
  Time since last request: 2.753716 seconds.
  path: Assets/MyObject2.prefab
  artifactKey: Guid(88de6f01cfc556d45bd939b95cc26868) Importer(815301076,1909f56bfc062723c751e8b465ee728b)
Start importing Assets/MyObject2.prefab using Guid(88de6f01cfc556d45bd939b95cc26868) Importer(815301076,1909f56bfc062723c751e8b465ee728b)  -> (artifact id: '1476df25b7881c2019ac175b18cc15a3') in 0.055104 seconds 
========================================================================
Received Prepare
Refreshing native plugins compatible for Editor in 6346.43 ms, found 9 plugins.
Preloading 0 native plugins for Editor in 0.00 ms.
Unloading 41 Unused Serialized files (Serialized files now loaded: 0)
Unloading 41 unused Assets / (23.7 KB). Loaded Objects now: 5086.
Memory consumption went from 92.3 MB to 92.3 MB.
Total: 9.455100 ms (FindLiveObjects: 1.156900 ms CreateObjectMapping: 0.616200 ms MarkObjects: 7.630500 ms  DeleteObjects: 0.050200 ms)

AssetImportParameters requested are different than current active one (requested -> active):
  custom:video-decoder-ogg-theora: a1e56fd34408186e4bbccfd4996cb3dc -> 
  custom:container-muxer-webm: aa71ff27fc2769a1b78a27578f13a17b -> 
  custom:container-demuxer-webm: 4f35f7cbe854078d1ac9338744f61a02 -> 
  custom:video-encoder-webm-vp8: eb34c28f22e8b96e1ab97ce403110664 -> 
  custom:video-codec-MediaFoundation-h265: e54d7ab0439102e2317fc1e4b246158d -> 
  custom:audio-encoder-webm-vorbis: bf7c407c2cedff20999df2af8eb42d56 -> 
  custom:framework-win-MediaFoundation: 216162199b28c13a410421893ffa2e32 -> 
  custom:container-demuxer-ogg: 62fdf1f143b41e24485cea50d1cbac27 -> 
  custom:video-decoder-webm-vp8: 9c59270c3fd7afecdb556c50c9e8de78 -> 
  custom:audio-decoder-ogg-vorbis: bf7c407c2cedff20999df2af8eb42d56 -> 
